<?xml version="1.0" encoding="UTF-8"?>
<testsuite xmlns:xsi="http://www.w3.org/2001/XMLSchema-instance" xsi:noNamespaceSchemaLocation="https://maven.apache.org/surefire/maven-surefire-plugin/xsd/surefire-test-report-3.0.xsd" version="3.0" name="org.sakaiproject.modi.ComponentLoadingTest" time="0.958" tests="12" errors="0" skipped="0" failures="0">
  <properties>
    <property name="awt.toolkit" value="sun.awt.X11.XToolkit"/>
    <property name="java.specification.version" value="11"/>
    <property name="sun.cpu.isalist" value=""/>
    <property name="sun.jnu.encoding" value="UTF-8"/>
    <property name="java.class.path" value="/home/alumno/sakai/kernel/component-manager/target/test-classes:/home/alumno/sakai/kernel/component-manager/target/classes:/root/.m2/repository/javax/servlet/javax.servlet-api/4.0.1/javax.servlet-api-4.0.1.jar:/root/.m2/repository/org/springframework/spring-core/5.3.34/spring-core-5.3.34.jar:/root/.m2/repository/org/springframework/spring-jcl/5.3.34/spring-jcl-5.3.34.jar:/root/.m2/repository/org/springframework/spring-beans/5.3.34/spring-beans-5.3.34.jar:/root/.m2/repository/org/springframework/spring-context/5.3.34/spring-context-5.3.34.jar:/root/.m2/repository/org/springframework/spring-aop/5.3.34/spring-aop-5.3.34.jar:/root/.m2/repository/org/springframework/spring-expression/5.3.34/spring-expression-5.3.34.jar:/root/.m2/repository/org/springframework/spring-web/5.3.34/spring-web-5.3.34.jar:/root/.m2/repository/org/apache/commons/commons-lang3/3.14.0/commons-lang3-3.14.0.jar:/root/.m2/repository/org/apache/tomcat/tomcat-catalina/9.0.89/tomcat-catalina-9.0.89.jar:/root/.m2/repository/org/apache/tomcat/tomcat-servlet-api/9.0.89/tomcat-servlet-api-9.0.89.jar:/root/.m2/repository/org/apache/tomcat/tomcat-jsp-api/9.0.89/tomcat-jsp-api-9.0.89.jar:/root/.m2/repository/org/apache/tomcat/tomcat-el-api/9.0.89/tomcat-el-api-9.0.89.jar:/root/.m2/repository/org/apache/tomcat/tomcat-juli/9.0.89/tomcat-juli-9.0.89.jar:/root/.m2/repository/org/apache/tomcat/tomcat-annotations-api/9.0.89/tomcat-annotations-api-9.0.89.jar:/root/.m2/repository/org/apache/tomcat/tomcat-api/9.0.89/tomcat-api-9.0.89.jar:/root/.m2/repository/org/apache/tomcat/tomcat-jni/9.0.89/tomcat-jni-9.0.89.jar:/root/.m2/repository/org/apache/tomcat/tomcat-coyote/9.0.89/tomcat-coyote-9.0.89.jar:/root/.m2/repository/org/apache/tomcat/tomcat-util/9.0.89/tomcat-util-9.0.89.jar:/root/.m2/repository/org/apache/tomcat/tomcat-util-scan/9.0.89/tomcat-util-scan-9.0.89.jar:/root/.m2/repository/org/apache/tomcat/tomcat-jaspic-api/9.0.89/tomcat-jaspic-api-9.0.89.jar:/root/.m2/repository/org/mockito/mockito-core/3.11.2/mockito-core-3.11.2.jar:/root/.m2/repository/net/bytebuddy/byte-buddy/1.14.3/byte-buddy-1.14.3.jar:/root/.m2/repository/net/bytebuddy/byte-buddy-agent/1.11.3/byte-buddy-agent-1.11.3.jar:/root/.m2/repository/org/objenesis/objenesis/3.2/objenesis-3.2.jar:/root/.m2/repository/org/assertj/assertj-core/3.23.1/assertj-core-3.23.1.jar:/root/.m2/repository/jakarta/annotation/jakarta.annotation-api/1.3.5/jakarta.annotation-api-1.3.5.jar:/root/.m2/repository/jakarta/activation/jakarta.activation-api/1.2.2/jakarta.activation-api-1.2.2.jar:/root/.m2/repository/org/slf4j/slf4j-api/1.7.36/slf4j-api-1.7.36.jar:/root/.m2/repository/org/apache/logging/log4j/log4j-api/2.23.0/log4j-api-2.23.0.jar:/root/.m2/repository/org/apache/logging/log4j/log4j-slf4j-impl/2.23.0/log4j-slf4j-impl-2.23.0.jar:/root/.m2/repository/org/slf4j/jcl-over-slf4j/1.7.36/jcl-over-slf4j-1.7.36.jar:/root/.m2/repository/org/apache/logging/log4j/log4j-core/2.23.0/log4j-core-2.23.0.jar:/root/.m2/repository/org/projectlombok/lombok/1.18.32/lombok-1.18.32.jar:/root/.m2/repository/junit/junit/4.13.2/junit-4.13.2.jar:/root/.m2/repository/org/hamcrest/hamcrest-core/1.3/hamcrest-core-1.3.jar:"/>
    <property name="java.vm.vendor" value="Ubuntu"/>
    <property name="sun.arch.data.model" value="64"/>
    <property name="java.vendor.url" value="https://ubuntu.com/"/>
    <property name="user.timezone" value=""/>
    <property name="java.vm.specification.version" value="11"/>
    <property name="os.name" value="Linux"/>
    <property name="sun.java.launcher" value="SUN_STANDARD"/>
    <property name="user.country" value="ES"/>
    <property name="sun.boot.library.path" value="/usr/lib/jvm/java-11-openjdk-amd64/lib"/>
    <property name="sun.java.command" value="/home/alumno/sakai/kernel/component-manager/target/surefire/surefirebooter-20240525123903307_15.jar /home/alumno/sakai/kernel/component-manager/target/surefire 2024-05-25T12-38-59_381-jvmRun1 surefire-20240525123903307_13tmp surefire_4-20240525123903307_14tmp"/>
    <property name="jdk.debug" value="release"/>
    <property name="surefire.test.class.path" value="/home/alumno/sakai/kernel/component-manager/target/test-classes:/home/alumno/sakai/kernel/component-manager/target/classes:/root/.m2/repository/javax/servlet/javax.servlet-api/4.0.1/javax.servlet-api-4.0.1.jar:/root/.m2/repository/org/springframework/spring-core/5.3.34/spring-core-5.3.34.jar:/root/.m2/repository/org/springframework/spring-jcl/5.3.34/spring-jcl-5.3.34.jar:/root/.m2/repository/org/springframework/spring-beans/5.3.34/spring-beans-5.3.34.jar:/root/.m2/repository/org/springframework/spring-context/5.3.34/spring-context-5.3.34.jar:/root/.m2/repository/org/springframework/spring-aop/5.3.34/spring-aop-5.3.34.jar:/root/.m2/repository/org/springframework/spring-expression/5.3.34/spring-expression-5.3.34.jar:/root/.m2/repository/org/springframework/spring-web/5.3.34/spring-web-5.3.34.jar:/root/.m2/repository/org/apache/commons/commons-lang3/3.14.0/commons-lang3-3.14.0.jar:/root/.m2/repository/org/apache/tomcat/tomcat-catalina/9.0.89/tomcat-catalina-9.0.89.jar:/root/.m2/repository/org/apache/tomcat/tomcat-servlet-api/9.0.89/tomcat-servlet-api-9.0.89.jar:/root/.m2/repository/org/apache/tomcat/tomcat-jsp-api/9.0.89/tomcat-jsp-api-9.0.89.jar:/root/.m2/repository/org/apache/tomcat/tomcat-el-api/9.0.89/tomcat-el-api-9.0.89.jar:/root/.m2/repository/org/apache/tomcat/tomcat-juli/9.0.89/tomcat-juli-9.0.89.jar:/root/.m2/repository/org/apache/tomcat/tomcat-annotations-api/9.0.89/tomcat-annotations-api-9.0.89.jar:/root/.m2/repository/org/apache/tomcat/tomcat-api/9.0.89/tomcat-api-9.0.89.jar:/root/.m2/repository/org/apache/tomcat/tomcat-jni/9.0.89/tomcat-jni-9.0.89.jar:/root/.m2/repository/org/apache/tomcat/tomcat-coyote/9.0.89/tomcat-coyote-9.0.89.jar:/root/.m2/repository/org/apache/tomcat/tomcat-util/9.0.89/tomcat-util-9.0.89.jar:/root/.m2/repository/org/apache/tomcat/tomcat-util-scan/9.0.89/tomcat-util-scan-9.0.89.jar:/root/.m2/repository/org/apache/tomcat/tomcat-jaspic-api/9.0.89/tomcat-jaspic-api-9.0.89.jar:/root/.m2/repository/org/mockito/mockito-core/3.11.2/mockito-core-3.11.2.jar:/root/.m2/repository/net/bytebuddy/byte-buddy/1.14.3/byte-buddy-1.14.3.jar:/root/.m2/repository/net/bytebuddy/byte-buddy-agent/1.11.3/byte-buddy-agent-1.11.3.jar:/root/.m2/repository/org/objenesis/objenesis/3.2/objenesis-3.2.jar:/root/.m2/repository/org/assertj/assertj-core/3.23.1/assertj-core-3.23.1.jar:/root/.m2/repository/jakarta/annotation/jakarta.annotation-api/1.3.5/jakarta.annotation-api-1.3.5.jar:/root/.m2/repository/jakarta/activation/jakarta.activation-api/1.2.2/jakarta.activation-api-1.2.2.jar:/root/.m2/repository/org/slf4j/slf4j-api/1.7.36/slf4j-api-1.7.36.jar:/root/.m2/repository/org/apache/logging/log4j/log4j-api/2.23.0/log4j-api-2.23.0.jar:/root/.m2/repository/org/apache/logging/log4j/log4j-slf4j-impl/2.23.0/log4j-slf4j-impl-2.23.0.jar:/root/.m2/repository/org/slf4j/jcl-over-slf4j/1.7.36/jcl-over-slf4j-1.7.36.jar:/root/.m2/repository/org/apache/logging/log4j/log4j-core/2.23.0/log4j-core-2.23.0.jar:/root/.m2/repository/org/projectlombok/lombok/1.18.32/lombok-1.18.32.jar:/root/.m2/repository/junit/junit/4.13.2/junit-4.13.2.jar:/root/.m2/repository/org/hamcrest/hamcrest-core/1.3/hamcrest-core-1.3.jar:"/>
    <property name="sun.cpu.endian" value="little"/>
    <property name="user.home" value="/root"/>
    <property name="user.language" value="es"/>
    <property name="java.specification.vendor" value="Oracle Corporation"/>
    <property name="java.version.date" value="2024-01-16"/>
    <property name="java.home" value="/usr/lib/jvm/java-11-openjdk-amd64"/>
    <property name="file.separator" value="/"/>
    <property name="basedir" value="/home/alumno/sakai/kernel/component-manager"/>
    <property name="java.vm.compressedOopsMode" value="Zero based"/>
    <property name="line.separator" value="&#10;"/>
    <property name="java.specification.name" value="Java Platform API Specification"/>
    <property name="java.vm.specification.vendor" value="Oracle Corporation"/>
    <property name="java.awt.graphicsenv" value="sun.awt.X11GraphicsEnvironment"/>
    <property name="java.awt.headless" value="true"/>
    <property name="lombok.disable" value="true"/>
    <property name="surefire.real.class.path" value="/home/alumno/sakai/kernel/component-manager/target/surefire/surefirebooter-20240525123903307_15.jar"/>
    <property name="sun.management.compiler" value="HotSpot 64-Bit Tiered Compilers"/>
    <property name="java.runtime.version" value="11.0.22+7-post-Ubuntu-0ubuntu222.04.1"/>
    <property name="user.name" value="root"/>
    <property name="path.separator" value=":"/>
    <property name="java.security.egd" value="file:/dev/./urandom"/>
    <property name="os.version" value="6.2.16-5-pve"/>
    <property name="test.sakai.home" value=""/>
    <property name="java.runtime.name" value="OpenJDK Runtime Environment"/>
    <property name="file.encoding" value="UTF-8"/>
    <property name="java.vm.name" value="OpenJDK 64-Bit Server VM"/>
    <property name="localRepository" value="/root/.m2/repository"/>
    <property name="java.vendor.url.bug" value="https://bugs.launchpad.net/ubuntu/+source/openjdk-lts"/>
    <property name="java.io.tmpdir" value="/tmp"/>
    <property name="java.version" value="11.0.22"/>
    <property name="user.dir" value="/home/alumno/sakai/kernel/component-manager"/>
    <property name="os.arch" value="amd64"/>
    <property name="java.vm.specification.name" value="Java Virtual Machine Specification"/>
    <property name="java.awt.printerjob" value="sun.print.PSPrinterJob"/>
    <property name="maven.tomcat.home" value=""/>
    <property name="sun.os.patch.level" value="unknown"/>
    <property name="java.library.path" value="/usr/java/packages/lib:/usr/lib/x86_64-linux-gnu/jni:/lib/x86_64-linux-gnu:/usr/lib/x86_64-linux-gnu:/usr/lib/jni:/lib:/usr/lib"/>
    <property name="java.vm.info" value="mixed mode, sharing"/>
    <property name="java.vendor" value="Ubuntu"/>
    <property name="java.vm.version" value="11.0.22+7-post-Ubuntu-0ubuntu222.04.1"/>
    <property name="java.specification.maintenance.version" value="2"/>
    <property name="sun.io.unicode.encoding" value="UnicodeLittle"/>
    <property name="java.class.version" value="55.0"/>
  </properties>
  <testcase name="givenAComponentWithAClass_thenTheBeanHasTheLoadedClass" classname="org.sakaiproject.modi.ComponentLoadingTest" time="0.716"/>
  <testcase name="givenAMissingComponentDirectory_thenItIsMalformed" classname="org.sakaiproject.modi.ComponentLoadingTest" time="0.013"/>
  <testcase name="givenAComponentWithDemoBean_whenNotInDemoMode_theBeanIsRegistered" classname="org.sakaiproject.modi.ComponentLoadingTest" time="0.034"/>
  <testcase name="givenNoComponentsXml_thenItIsMalformed" classname="org.sakaiproject.modi.ComponentLoadingTest" time="0.002"/>
  <testcase name="givenNoWebInf_thenItIsMalformed" classname="org.sakaiproject.modi.ComponentLoadingTest" time="0.001"/>
  <testcase name="givenABasicComponent_whenWeConvertABadURL_thenItGivesAnEmpty" classname="org.sakaiproject.modi.ComponentLoadingTest" time="0.003"/>
  <testcase name="givenAComponentWithOneBean_whenRegisteringTheComponent_theBeanIsRegistered" classname="org.sakaiproject.modi.ComponentLoadingTest" time="0.031"/>
  <testcase name="givenAComponentDirectory_thenItsNameMatches" classname="org.sakaiproject.modi.ComponentLoadingTest" time="0.0"/>
  <testcase name="givenAComponentDirectory_thenItsPathIsExposed" classname="org.sakaiproject.modi.ComponentLoadingTest" time="0.008"/>
  <testcase name="givenAComponentWithDemoBean_whenInDemoMode_theBeanIsRegistered" classname="org.sakaiproject.modi.ComponentLoadingTest" time="0.038"/>
  <testcase name="givenAComponentWithAJar_thenTheBeanHasTheClassFromTheJar" classname="org.sakaiproject.modi.ComponentLoadingTest" time="0.024"/>
  <testcase name="givenNoWebInf_whenUsingTheSafeFactory_thenItIsEmpty" classname="org.sakaiproject.modi.ComponentLoadingTest" time="0.002"/>
</testsuite>